2020-Jan-22 16:00:58.735911 INFO    [daemon] Bitcoinphantom v1.7.0.888 (unknown)
2020-Jan-22 16:00:58.736397 INFO    [daemon] Module folder: ./bitcoinphantomd
2020-Jan-22 16:00:59.052993 INFO    [daemon] Initializing p2p server...
2020-Jan-22 16:00:59.053876 INFO    [node_server] Generated new peer ID: 16337907555617046774
2020-Jan-22 16:00:59.054329 INFO    [node_server] Network: 99ed4fef-1c59-5a04-93da-8c62cebaf2ff
2020-Jan-22 16:00:59.054692 INFO    [node_server] Binding on 0.0.0.0:47667
2020-Jan-22 16:00:59.055147 INFO    [node_server] Net service bound on 0.0.0.0:47667
2020-Jan-22 16:00:59.055641 INFO    [node_server] Attempting to add IGD port mapping.
2020-Jan-22 16:01:03.063489 INFO    [node_server] No IGD was found.
2020-Jan-22 16:01:03.064135 INFO    [daemon] P2p server initialized OK
2020-Jan-22 16:01:03.064580 INFO    [daemon] Initializing core...
2020-Jan-22 16:01:03.065369 INFO    [Blockchain] Blockchain not loaded, generating genesis block.
2020-Jan-22 16:01:03.066045 INFO    [Blockchain] Blockchain initialized. last block: 0, d2758.h09.m01.s03 time ago, current difficulty: 1
2020-Jan-22 16:01:03.066460 INFO    [daemon] Core initialized OK
2020-Jan-22 16:01:03.067346 INFO    [daemon] Starting core rpc server on address 127.0.0.1:47669
2020-Jan-22 16:01:03.067936 INFO    [daemon] Core rpc server started ok
2020-Jan-22 16:01:03.068372 INFO    [daemon] Starting p2p net loop...
2020-Jan-22 16:01:03.068902 INFO    [node_server] Starting node_server
2020-Jan-22 16:01:12.182810 ERROR   [node_server] Failed to connect to any of seed peers, continuing without seeds
2020-Jan-22 16:01:20.333994 ERROR   [node_server] Failed to connect to any of seed peers, continuing without seeds
2020-Jan-22 16:01:31.409311 ERROR   [node_server] Failed to connect to any of seed peers, continuing without seeds
2020-Jan-22 16:01:39.537611 ERROR   [node_server] Failed to connect to any of seed peers, continuing without seeds
2020-Jan-22 16:01:56.542644 ERROR   [node_server] Failed to connect to any of seed peers, continuing without seeds
2020-Jan-22 16:02:07.629256 ERROR   [node_server] Failed to connect to any of seed peers, continuing without seeds
2020-Jan-22 16:02:18.712337 ERROR   [node_server] Failed to connect to any of seed peers, continuing without seeds
2020-Jan-22 16:02:29.857712 ERROR   [node_server] Failed to connect to any of seed peers, continuing without seeds
2020-Jan-22 16:02:40.966014 ERROR   [node_server] Failed to connect to any of seed peers, continuing without seeds
2020-Jan-22 16:02:52.048688 ERROR   [node_server] Failed to connect to any of seed peers, continuing without seeds
2020-Jan-22 16:03:03.121302 ERROR   [node_server] Failed to connect to any of seed peers, continuing without seeds
2020-Jan-22 16:03:14.269196 ERROR   [node_server] Failed to connect to any of seed peers, continuing without seeds
2020-Jan-22 16:03:22.401445 ERROR   [node_server] Failed to connect to any of seed peers, continuing without seeds
2020-Jan-22 16:03:30.537917 ERROR   [node_server] Failed to connect to any of seed peers, continuing without seeds
2020-Jan-22 16:03:38.722728 ERROR   [node_server] Failed to connect to any of seed peers, continuing without seeds
2020-Jan-22 16:03:49.832170 ERROR   [node_server] Failed to connect to any of seed peers, continuing without seeds
2020-Jan-22 16:04:01.115126 ERROR   [node_server] Failed to connect to any of seed peers, continuing without seeds
2020-Jan-22 16:04:09.239577 ERROR   [node_server] Failed to connect to any of seed peers, continuing without seeds
2020-Jan-22 16:04:20.321464 ERROR   [node_server] Failed to connect to any of seed peers, continuing without seeds
2020-Jan-22 16:04:31.437978 ERROR   [node_server] Failed to connect to any of seed peers, continuing without seeds
2020-Jan-22 16:04:42.631832 ERROR   [node_server] Failed to connect to any of seed peers, continuing without seeds
2020-Jan-22 16:04:53.781510 ERROR   [node_server] Failed to connect to any of seed peers, continuing without seeds
2020-Jan-22 16:05:07.859289 ERROR   [node_server] Failed to connect to any of seed peers, continuing without seeds
2020-Jan-22 16:05:21.910399 ERROR   [node_server] Failed to connect to any of seed peers, continuing without seeds
2020-Jan-22 16:05:30.050352 ERROR   [node_server] Failed to connect to any of seed peers, continuing without seeds
2020-Jan-22 16:05:38.244590 ERROR   [node_server] Failed to connect to any of seed peers, continuing without seeds
2020-Jan-22 16:05:49.418053 ERROR   [node_server] Failed to connect to any of seed peers, continuing without seeds
2020-Jan-22 16:06:03.519431 ERROR   [node_server] Failed to connect to any of seed peers, continuing without seeds
2020-Jan-22 16:06:17.570811 ERROR   [node_server] Failed to connect to any of seed peers, continuing without seeds
2020-Jan-22 16:06:25.728802 ERROR   [node_server] Failed to connect to any of seed peers, continuing without seeds
2020-Jan-22 16:06:39.789098 ERROR   [node_server] Failed to connect to any of seed peers, continuing without seeds
2020-Jan-22 16:06:47.984099 ERROR   [node_server] Failed to connect to any of seed peers, continuing without seeds
2020-Jan-22 16:07:02.093857 ERROR   [node_server] Failed to connect to any of seed peers, continuing without seeds
2020-Jan-22 16:07:16.170657 ERROR   [node_server] Failed to connect to any of seed peers, continuing without seeds
2020-Jan-22 16:07:27.283289 ERROR   [node_server] Failed to connect to any of seed peers, continuing without seeds
2020-Jan-22 16:07:38.436995 ERROR   [node_server] Failed to connect to any of seed peers, continuing without seeds
2020-Jan-22 16:07:46.538091 ERROR   [node_server] Failed to connect to any of seed peers, continuing without seeds
2020-Jan-22 16:07:57.596595 ERROR   [node_server] Failed to connect to any of seed peers, continuing without seeds
2020-Jan-22 16:08:08.685676 ERROR   [node_server] Failed to connect to any of seed peers, continuing without seeds
2020-Jan-22 16:08:19.766815 ERROR   [node_server] Failed to connect to any of seed peers, continuing without seeds
2020-Jan-22 16:08:30.888402 ERROR   [node_server] Failed to connect to any of seed peers, continuing without seeds
2020-Jan-22 16:08:42.081291 ERROR   [node_server] Failed to connect to any of seed peers, continuing without seeds
2020-Jan-22 16:08:53.199866 ERROR   [node_server] Failed to connect to any of seed peers, continuing without seeds
2020-Jan-22 16:09:04.373392 ERROR   [node_server] Failed to connect to any of seed peers, continuing without seeds
2020-Jan-22 16:09:12.614488 ERROR   [node_server] Failed to connect to any of seed peers, continuing without seeds
2020-Jan-22 16:09:26.724793 ERROR   [node_server] Failed to connect to any of seed peers, continuing without seeds
2020-Jan-22 16:09:37.891277 ERROR   [node_server] Failed to connect to any of seed peers, continuing without seeds
2020-Jan-22 16:09:46.030437 ERROR   [node_server] Failed to connect to any of seed peers, continuing without seeds
2020-Jan-22 16:09:54.139213 ERROR   [node_server] Failed to connect to any of seed peers, continuing without seeds
2020-Jan-22 16:10:08.199941 ERROR   [node_server] Failed to connect to any of seed peers, continuing without seeds
2020-Jan-22 16:10:19.297720 ERROR   [node_server] Failed to connect to any of seed peers, continuing without seeds
2020-Jan-22 16:10:27.435832 ERROR   [node_server] Failed to connect to any of seed peers, continuing without seeds
2020-Jan-22 16:10:38.534919 ERROR   [node_server] Failed to connect to any of seed peers, continuing without seeds
2020-Jan-22 16:10:49.674371 ERROR   [node_server] Failed to connect to any of seed peers, continuing without seeds
2020-Jan-22 16:10:57.799904 ERROR   [node_server] Failed to connect to any of seed peers, continuing without seeds
2020-Jan-22 16:11:05.954347 ERROR   [node_server] Failed to connect to any of seed peers, continuing without seeds
2020-Jan-22 16:11:22.959074 ERROR   [node_server] Failed to connect to any of seed peers, continuing without seeds
2020-Jan-22 16:11:34.062951 ERROR   [node_server] Failed to connect to any of seed peers, continuing without seeds
2020-Jan-22 16:11:48.154896 ERROR   [node_server] Failed to connect to any of seed peers, continuing without seeds
2020-Jan-22 16:11:56.294160 ERROR   [node_server] Failed to connect to any of seed peers, continuing without seeds
2020-Jan-22 16:12:07.374110 ERROR   [node_server] Failed to connect to any of seed peers, continuing without seeds
2020-Jan-22 16:12:15.544039 ERROR   [node_server] Failed to connect to any of seed peers, continuing without seeds
2020-Jan-22 16:12:29.608004 ERROR   [node_server] Failed to connect to any of seed peers, continuing without seeds
2020-Jan-22 16:12:40.737713 ERROR   [node_server] Failed to connect to any of seed peers, continuing without seeds
2020-Jan-22 16:12:52.031817 ERROR   [node_server] Failed to connect to any of seed peers, continuing without seeds
2020-Jan-22 16:13:06.100216 ERROR   [node_server] Failed to connect to any of seed peers, continuing without seeds
2020-Jan-22 16:13:20.157407 ERROR   [node_server] Failed to connect to any of seed peers, continuing without seeds
2020-Jan-22 16:13:31.266719 ERROR   [node_server] Failed to connect to any of seed peers, continuing without seeds
2020-Jan-22 16:13:39.428809 ERROR   [node_server] Failed to connect to any of seed peers, continuing without seeds
2020-Jan-22 16:13:50.572701 ERROR   [node_server] Failed to connect to any of seed peers, continuing without seeds
2020-Jan-22 16:14:01.679056 ERROR   [node_server] Failed to connect to any of seed peers, continuing without seeds
2020-Jan-22 16:14:12.858869 ERROR   [node_server] Failed to connect to any of seed peers, continuing without seeds
2020-Jan-22 16:14:23.967989 ERROR   [node_server] Failed to connect to any of seed peers, continuing without seeds
2020-Jan-22 16:14:37.992340 ERROR   [node_server] Failed to connect to any of seed peers, continuing without seeds
2020-Jan-22 16:14:52.088141 ERROR   [node_server] Failed to connect to any of seed peers, continuing without seeds
2020-Jan-22 16:15:06.142030 ERROR   [node_server] Failed to connect to any of seed peers, continuing without seeds
2020-Jan-22 16:15:20.174467 ERROR   [node_server] Failed to connect to any of seed peers, continuing without seeds
2020-Jan-22 16:15:31.333045 ERROR   [node_server] Failed to connect to any of seed peers, continuing without seeds
2020-Jan-22 16:15:39.486856 ERROR   [node_server] Failed to connect to any of seed peers, continuing without seeds
2020-Jan-22 16:15:47.701824 ERROR   [node_server] Failed to connect to any of seed peers, continuing without seeds
2020-Jan-22 16:15:59.627729 ERROR   [node_server] Failed to connect to any of seed peers, continuing without seeds
2020-Jan-22 16:16:10.742940 ERROR   [node_server] Failed to connect to any of seed peers, continuing without seeds
2020-Jan-22 16:16:24.774775 ERROR   [node_server] Failed to connect to any of seed peers, continuing without seeds
2020-Jan-22 16:16:38.855482 ERROR   [node_server] Failed to connect to any of seed peers, continuing without seeds
2020-Jan-22 16:16:49.987274 ERROR   [node_server] Failed to connect to any of seed peers, continuing without seeds
2020-Jan-22 16:16:58.112750 ERROR   [node_server] Failed to connect to any of seed peers, continuing without seeds
2020-Jan-22 16:17:09.240007 ERROR   [node_server] Failed to connect to any of seed peers, continuing without seeds
2020-Jan-22 16:17:17.362468 ERROR   [node_server] Failed to connect to any of seed peers, continuing without seeds
2020-Jan-22 16:17:25.532915 ERROR   [node_server] Failed to connect to any of seed peers, continuing without seeds
2020-Jan-22 16:17:36.709328 ERROR   [node_server] Failed to connect to any of seed peers, continuing without seeds
2020-Jan-22 16:17:47.856421 ERROR   [node_server] Failed to connect to any of seed peers, continuing without seeds
2020-Jan-22 16:17:58.959795 ERROR   [node_server] Failed to connect to any of seed peers, continuing without seeds
2020-Jan-22 16:18:10.034820 ERROR   [node_server] Failed to connect to any of seed peers, continuing without seeds
2020-Jan-22 16:18:18.235327 ERROR   [node_server] Failed to connect to any of seed peers, continuing without seeds
2020-Jan-22 16:18:29.340750 ERROR   [node_server] Failed to connect to any of seed peers, continuing without seeds
2020-Jan-22 16:18:37.498592 ERROR   [node_server] Failed to connect to any of seed peers, continuing without seeds
2020-Jan-22 16:18:45.704197 ERROR   [node_server] Failed to connect to any of seed peers, continuing without seeds
2020-Jan-22 16:18:53.938291 ERROR   [node_server] Failed to connect to any of seed peers, continuing without seeds
2020-Jan-22 16:19:05.044056 ERROR   [node_server] Failed to connect to any of seed peers, continuing without seeds
2020-Jan-22 16:19:13.227330 ERROR   [node_server] Failed to connect to any of seed peers, continuing without seeds
2020-Jan-22 16:19:24.341810 ERROR   [node_server] Failed to connect to any of seed peers, continuing without seeds
2020-Jan-22 16:19:32.521772 ERROR   [node_server] Failed to connect to any of seed peers, continuing without seeds
2020-Jan-22 16:19:43.613691 ERROR   [node_server] Failed to connect to any of seed peers, continuing without seeds
2020-Jan-22 16:19:51.817836 ERROR   [node_server] Failed to connect to any of seed peers, continuing without seeds
2020-Jan-22 16:20:05.876654 ERROR   [node_server] Failed to connect to any of seed peers, continuing without seeds
2020-Jan-22 16:20:16.949374 ERROR   [node_server] Failed to connect to any of seed peers, continuing without seeds
2020-Jan-22 16:20:31.023999 ERROR   [node_server] Failed to connect to any of seed peers, continuing without seeds
2020-Jan-22 16:20:42.131620 ERROR   [node_server] Failed to connect to any of seed peers, continuing without seeds
2020-Jan-22 16:20:56.164702 ERROR   [node_server] Failed to connect to any of seed peers, continuing without seeds
2020-Jan-22 16:21:04.453448 ERROR   [node_server] Failed to connect to any of seed peers, continuing without seeds
2020-Jan-22 16:21:12.621394 ERROR   [node_server] Failed to connect to any of seed peers, continuing without seeds
2020-Jan-22 16:21:23.744070 ERROR   [node_server] Failed to connect to any of seed peers, continuing without seeds
2020-Jan-22 16:21:31.814784 ERROR   [node_server] Failed to connect to any of seed peers, continuing without seeds
2020-Jan-22 16:21:42.899563 ERROR   [node_server] Failed to connect to any of seed peers, continuing without seeds
2020-Jan-22 16:21:56.981799 ERROR   [node_server] Failed to connect to any of seed peers, continuing without seeds
2020-Jan-22 16:22:05.092221 ERROR   [node_server] Failed to connect to any of seed peers, continuing without seeds
2020-Jan-22 16:22:16.211237 ERROR   [node_server] Failed to connect to any of seed peers, continuing without seeds
2020-Jan-22 16:22:33.215865 ERROR   [node_server] Failed to connect to any of seed peers, continuing without seeds
2020-Jan-22 16:22:47.561450 ERROR   [node_server] Failed to connect to any of seed peers, continuing without seeds
2020-Jan-22 16:23:04.564278 ERROR   [node_server] Failed to connect to any of seed peers, continuing without seeds
2020-Jan-22 16:23:21.569668 ERROR   [node_server] Failed to connect to any of seed peers, continuing without seeds
2020-Jan-22 16:23:38.573607 ERROR   [node_server] Failed to connect to any of seed peers, continuing without seeds
2020-Jan-22 16:23:55.577257 ERROR   [node_server] Failed to connect to any of seed peers, continuing without seeds
2020-Jan-22 16:24:12.610524 ERROR   [node_server] Failed to connect to any of seed peers, continuing without seeds
2020-Jan-22 16:24:29.614702 ERROR   [node_server] Failed to connect to any of seed peers, continuing without seeds
2020-Jan-22 16:24:46.619269 ERROR   [node_server] Failed to connect to any of seed peers, continuing without seeds
2020-Jan-22 16:25:03.623363 ERROR   [node_server] Failed to connect to any of seed peers, continuing without seeds
2020-Jan-22 16:25:20.629166 ERROR   [node_server] Failed to connect to any of seed peers, continuing without seeds
2020-Jan-22 16:25:37.632331 ERROR   [node_server] Failed to connect to any of seed peers, continuing without seeds
2020-Jan-22 16:25:54.635898 ERROR   [node_server] Failed to connect to any of seed peers, continuing without seeds
2020-Jan-22 16:26:11.638919 ERROR   [node_server] Failed to connect to any of seed peers, continuing without seeds
2020-Jan-22 16:26:28.643035 ERROR   [node_server] Failed to connect to any of seed peers, continuing without seeds
2020-Jan-22 16:26:45.647064 ERROR   [node_server] Failed to connect to any of seed peers, continuing without seeds
2020-Jan-22 16:27:02.650787 ERROR   [node_server] Failed to connect to any of seed peers, continuing without seeds
2020-Jan-22 16:27:19.656940 ERROR   [node_server] Failed to connect to any of seed peers, continuing without seeds
2020-Jan-22 16:27:36.662509 ERROR   [node_server] Failed to connect to any of seed peers, continuing without seeds
2020-Jan-22 16:27:53.668436 ERROR   [node_server] Failed to connect to any of seed peers, continuing without seeds
2020-Jan-22 16:28:10.674548 ERROR   [node_server] Failed to connect to any of seed peers, continuing without seeds
2020-Jan-22 16:28:27.681789 ERROR   [node_server] Failed to connect to any of seed peers, continuing without seeds
2020-Jan-22 16:28:44.687321 ERROR   [node_server] Failed to connect to any of seed peers, continuing without seeds
2020-Jan-22 16:29:01.692219 ERROR   [node_server] Failed to connect to any of seed peers, continuing without seeds
2020-Jan-22 16:29:18.697450 ERROR   [node_server] Failed to connect to any of seed peers, continuing without seeds
2020-Jan-22 16:29:35.702650 ERROR   [node_server] Failed to connect to any of seed peers, continuing without seeds
2020-Jan-22 16:29:52.707993 ERROR   [node_server] Failed to connect to any of seed peers, continuing without seeds
2020-Jan-22 16:30:09.712084 ERROR   [node_server] Failed to connect to any of seed peers, continuing without seeds
2020-Jan-22 16:30:26.717886 ERROR   [node_server] Failed to connect to any of seed peers, continuing without seeds
2020-Jan-22 16:30:43.723004 ERROR   [node_server] Failed to connect to any of seed peers, continuing without seeds
2020-Jan-22 16:31:00.725259 ERROR   [node_server] Failed to connect to any of seed peers, continuing without seeds
2020-Jan-22 16:31:17.729724 ERROR   [node_server] Failed to connect to any of seed peers, continuing without seeds
2020-Jan-22 16:31:34.733243 ERROR   [node_server] Failed to connect to any of seed peers, continuing without seeds
2020-Jan-22 16:31:51.735888 ERROR   [node_server] Failed to connect to any of seed peers, continuing without seeds
2020-Jan-22 16:32:08.738979 ERROR   [node_server] Failed to connect to any of seed peers, continuing without seeds
2020-Jan-22 16:32:25.743008 ERROR   [node_server] Failed to connect to any of seed peers, continuing without seeds
2020-Jan-22 16:32:42.746092 ERROR   [node_server] Failed to connect to any of seed peers, continuing without seeds
2020-Jan-22 16:32:59.748659 ERROR   [node_server] Failed to connect to any of seed peers, continuing without seeds
2020-Jan-22 16:33:16.751293 ERROR   [node_server] Failed to connect to any of seed peers, continuing without seeds
2020-Jan-22 16:33:33.755003 ERROR   [node_server] Failed to connect to any of seed peers, continuing without seeds
2020-Jan-22 16:33:50.760740 ERROR   [node_server] Failed to connect to any of seed peers, continuing without seeds
2020-Jan-22 16:34:07.766685 ERROR   [node_server] Failed to connect to any of seed peers, continuing without seeds
2020-Jan-22 16:34:24.771486 ERROR   [node_server] Failed to connect to any of seed peers, continuing without seeds
2020-Jan-22 16:34:41.777345 ERROR   [node_server] Failed to connect to any of seed peers, continuing without seeds
2020-Jan-22 16:34:58.782146 ERROR   [node_server] Failed to connect to any of seed peers, continuing without seeds
2020-Jan-22 16:35:15.786189 ERROR   [node_server] Failed to connect to any of seed peers, continuing without seeds
2020-Jan-22 16:35:32.791187 ERROR   [node_server] Failed to connect to any of seed peers, continuing without seeds
2020-Jan-22 16:35:49.796922 ERROR   [node_server] Failed to connect to any of seed peers, continuing without seeds
2020-Jan-22 16:36:06.802073 ERROR   [node_server] Failed to connect to any of seed peers, continuing without seeds
2020-Jan-22 16:36:23.807556 ERROR   [node_server] Failed to connect to any of seed peers, continuing without seeds
2020-Jan-22 16:36:40.811104 ERROR   [node_server] Failed to connect to any of seed peers, continuing without seeds
2020-Jan-22 16:36:57.817378 ERROR   [node_server] Failed to connect to any of seed peers, continuing without seeds
2020-Jan-22 16:37:14.822173 ERROR   [node_server] Failed to connect to any of seed peers, continuing without seeds
2020-Jan-22 16:37:31.826862 ERROR   [node_server] Failed to connect to any of seed peers, continuing without seeds
2020-Jan-22 16:37:48.831825 ERROR   [node_server] Failed to connect to any of seed peers, continuing without seeds
2020-Jan-22 16:38:05.836387 ERROR   [node_server] Failed to connect to any of seed peers, continuing without seeds
2020-Jan-22 16:38:22.840066 ERROR   [node_server] Failed to connect to any of seed peers, continuing without seeds
2020-Jan-22 16:38:39.846659 ERROR   [node_server] Failed to connect to any of seed peers, continuing without seeds
2020-Jan-22 16:38:56.852206 ERROR   [node_server] Failed to connect to any of seed peers, continuing without seeds
2020-Jan-22 16:39:13.857297 ERROR   [node_server] Failed to connect to any of seed peers, continuing without seeds
2020-Jan-22 16:39:30.862833 ERROR   [node_server] Failed to connect to any of seed peers, continuing without seeds
2020-Jan-22 16:39:47.868406 ERROR   [node_server] Failed to connect to any of seed peers, continuing without seeds
2020-Jan-22 16:40:04.873532 ERROR   [node_server] Failed to connect to any of seed peers, continuing without seeds
2020-Jan-22 16:40:21.877759 ERROR   [node_server] Failed to connect to any of seed peers, continuing without seeds
2020-Jan-22 16:40:38.883293 ERROR   [node_server] Failed to connect to any of seed peers, continuing without seeds
2020-Jan-22 16:40:55.887884 ERROR   [node_server] Failed to connect to any of seed peers, continuing without seeds
2020-Jan-22 16:41:12.893341 ERROR   [node_server] Failed to connect to any of seed peers, continuing without seeds
2020-Jan-22 16:41:29.898891 ERROR   [node_server] Failed to connect to any of seed peers, continuing without seeds
2020-Jan-22 16:41:46.903828 ERROR   [node_server] Failed to connect to any of seed peers, continuing without seeds
2020-Jan-22 16:42:03.908286 ERROR   [node_server] Failed to connect to any of seed peers, continuing without seeds
2020-Jan-22 16:42:20.911665 ERROR   [node_server] Failed to connect to any of seed peers, continuing without seeds
2020-Jan-22 16:42:37.916738 ERROR   [node_server] Failed to connect to any of seed peers, continuing without seeds
2020-Jan-22 16:42:54.920708 ERROR   [node_server] Failed to connect to any of seed peers, continuing without seeds
2020-Jan-22 16:43:11.926081 ERROR   [node_server] Failed to connect to any of seed peers, continuing without seeds
2020-Jan-22 16:43:28.929947 ERROR   [node_server] Failed to connect to any of seed peers, continuing without seeds
2020-Jan-22 16:43:45.934475 ERROR   [node_server] Failed to connect to any of seed peers, continuing without seeds
2020-Jan-22 16:44:02.940201 ERROR   [node_server] Failed to connect to any of seed peers, continuing without seeds
2020-Jan-22 16:44:19.945565 ERROR   [node_server] Failed to connect to any of seed peers, continuing without seeds
2020-Jan-22 16:44:36.949741 ERROR   [node_server] Failed to connect to any of seed peers, continuing without seeds
2020-Jan-22 16:44:53.955984 ERROR   [node_server] Failed to connect to any of seed peers, continuing without seeds
2020-Jan-22 16:45:10.959312 ERROR   [node_server] Failed to connect to any of seed peers, continuing without seeds
2020-Jan-22 16:45:27.964394 ERROR   [node_server] Failed to connect to any of seed peers, continuing without seeds
2020-Jan-22 16:45:44.970157 ERROR   [node_server] Failed to connect to any of seed peers, continuing without seeds
2020-Jan-22 16:46:01.976053 ERROR   [node_server] Failed to connect to any of seed peers, continuing without seeds
2020-Jan-22 16:46:18.981705 ERROR   [node_server] Failed to connect to any of seed peers, continuing without seeds
2020-Jan-22 16:46:35.987802 ERROR   [node_server] Failed to connect to any of seed peers, continuing without seeds
2020-Jan-22 16:46:52.992311 ERROR   [node_server] Failed to connect to any of seed peers, continuing without seeds
2020-Jan-22 16:47:09.996927 ERROR   [node_server] Failed to connect to any of seed peers, continuing without seeds
2020-Jan-22 16:47:27.001927 ERROR   [node_server] Failed to connect to any of seed peers, continuing without seeds
2020-Jan-22 16:47:44.007618 ERROR   [node_server] Failed to connect to any of seed peers, continuing without seeds
2020-Jan-22 16:48:01.012866 ERROR   [node_server] Failed to connect to any of seed peers, continuing without seeds
2020-Jan-22 16:48:18.018757 ERROR   [node_server] Failed to connect to any of seed peers, continuing without seeds
2020-Jan-22 16:48:35.023350 ERROR   [node_server] Failed to connect to any of seed peers, continuing without seeds
2020-Jan-22 16:48:52.028891 ERROR   [node_server] Failed to connect to any of seed peers, continuing without seeds
2020-Jan-22 16:49:09.032494 ERROR   [node_server] Failed to connect to any of seed peers, continuing without seeds
2020-Jan-22 16:49:26.037558 ERROR   [node_server] Failed to connect to any of seed peers, continuing without seeds
2020-Jan-22 16:49:43.044138 ERROR   [node_server] Failed to connect to any of seed peers, continuing without seeds
2020-Jan-22 16:50:00.049177 ERROR   [node_server] Failed to connect to any of seed peers, continuing without seeds
2020-Jan-22 16:50:17.054771 ERROR   [node_server] Failed to connect to any of seed peers, continuing without seeds
2020-Jan-22 16:50:34.059805 ERROR   [node_server] Failed to connect to any of seed peers, continuing without seeds
2020-Jan-22 16:50:51.064634 ERROR   [node_server] Failed to connect to any of seed peers, continuing without seeds
2020-Jan-22 16:51:08.069503 ERROR   [node_server] Failed to connect to any of seed peers, continuing without seeds
2020-Jan-22 16:51:25.076100 ERROR   [node_server] Failed to connect to any of seed peers, continuing without seeds
2020-Jan-22 16:51:42.082144 ERROR   [node_server] Failed to connect to any of seed peers, continuing without seeds
2020-Jan-22 16:51:59.087974 ERROR   [node_server] Failed to connect to any of seed peers, continuing without seeds
2020-Jan-22 16:52:16.093931 ERROR   [node_server] Failed to connect to any of seed peers, continuing without seeds
2020-Jan-22 16:52:33.098792 ERROR   [node_server] Failed to connect to any of seed peers, continuing without seeds
2020-Jan-22 16:52:50.103971 ERROR   [node_server] Failed to connect to any of seed peers, continuing without seeds
2020-Jan-22 16:53:07.109040 ERROR   [node_server] Failed to connect to any of seed peers, continuing without seeds
2020-Jan-22 16:53:24.114608 ERROR   [node_server] Failed to connect to any of seed peers, continuing without seeds
2020-Jan-22 16:53:41.121444 ERROR   [node_server] Failed to connect to any of seed peers, continuing without seeds
2020-Jan-22 16:53:58.126300 ERROR   [node_server] Failed to connect to any of seed peers, continuing without seeds
2020-Jan-22 16:54:15.131829 ERROR   [node_server] Failed to connect to any of seed peers, continuing without seeds
2020-Jan-22 16:54:32.136913 ERROR   [node_server] Failed to connect to any of seed peers, continuing without seeds
2020-Jan-22 16:54:49.143488 ERROR   [node_server] Failed to connect to any of seed peers, continuing without seeds
2020-Jan-22 16:55:06.148597 ERROR   [node_server] Failed to connect to any of seed peers, continuing without seeds
2020-Jan-22 16:55:23.154655 ERROR   [node_server] Failed to connect to any of seed peers, continuing without seeds
2020-Jan-22 16:55:40.159676 ERROR   [node_server] Failed to connect to any of seed peers, continuing without seeds
2020-Jan-22 16:55:57.164341 ERROR   [node_server] Failed to connect to any of seed peers, continuing without seeds
2020-Jan-22 16:56:14.169515 ERROR   [node_server] Failed to connect to any of seed peers, continuing without seeds
2020-Jan-22 16:56:31.174615 ERROR   [node_server] Failed to connect to any of seed peers, continuing without seeds
2020-Jan-22 16:56:48.179031 ERROR   [node_server] Failed to connect to any of seed peers, continuing without seeds
2020-Jan-22 16:57:05.184631 ERROR   [node_server] Failed to connect to any of seed peers, continuing without seeds
2020-Jan-22 16:57:22.190253 ERROR   [node_server] Failed to connect to any of seed peers, continuing without seeds
2020-Jan-22 16:57:39.196778 ERROR   [node_server] Failed to connect to any of seed peers, continuing without seeds
2020-Jan-22 16:57:56.202849 ERROR   [node_server] Failed to connect to any of seed peers, continuing without seeds
2020-Jan-22 16:58:13.207926 ERROR   [node_server] Failed to connect to any of seed peers, continuing without seeds
2020-Jan-22 16:58:30.213005 ERROR   [node_server] Failed to connect to any of seed peers, continuing without seeds
2020-Jan-22 16:58:47.218600 ERROR   [node_server] Failed to connect to any of seed peers, continuing without seeds
2020-Jan-22 16:59:04.224135 ERROR   [node_server] Failed to connect to any of seed peers, continuing without seeds
2020-Jan-22 16:59:21.228214 ERROR   [node_server] Failed to connect to any of seed peers, continuing without seeds
2020-Jan-22 16:59:38.233781 ERROR   [node_server] Failed to connect to any of seed peers, continuing without seeds
2020-Jan-22 16:59:55.239831 ERROR   [node_server] Failed to connect to any of seed peers, continuing without seeds
2020-Jan-22 17:00:12.245078 ERROR   [node_server] Failed to connect to any of seed peers, continuing without seeds
2020-Jan-22 17:00:29.249955 ERROR   [node_server] Failed to connect to any of seed peers, continuing without seeds
2020-Jan-22 17:00:46.254225 ERROR   [node_server] Failed to connect to any of seed peers, continuing without seeds
2020-Jan-22 17:01:03.260179 ERROR   [node_server] Failed to connect to any of seed peers, continuing without seeds
2020-Jan-22 17:01:20.265278 ERROR   [node_server] Failed to connect to any of seed peers, continuing without seeds
2020-Jan-22 17:01:37.271555 ERROR   [node_server] Failed to connect to any of seed peers, continuing without seeds
2020-Jan-22 17:01:54.274892 ERROR   [node_server] Failed to connect to any of seed peers, continuing without seeds
2020-Jan-22 17:02:11.278192 ERROR   [node_server] Failed to connect to any of seed peers, continuing without seeds
2020-Jan-22 17:02:28.281403 ERROR   [node_server] Failed to connect to any of seed peers, continuing without seeds
2020-Jan-22 17:02:45.285530 ERROR   [node_server] Failed to connect to any of seed peers, continuing without seeds
2020-Jan-22 17:03:02.290616 ERROR   [node_server] Failed to connect to any of seed peers, continuing without seeds
2020-Jan-22 17:03:19.295764 ERROR   [node_server] Failed to connect to any of seed peers, continuing without seeds
2020-Jan-22 17:03:36.301614 ERROR   [node_server] Failed to connect to any of seed peers, continuing without seeds
2020-Jan-22 17:03:53.306380 ERROR   [node_server] Failed to connect to any of seed peers, continuing without seeds
2020-Jan-22 17:04:10.310529 ERROR   [node_server] Failed to connect to any of seed peers, continuing without seeds
2020-Jan-22 17:04:27.315498 ERROR   [node_server] Failed to connect to any of seed peers, continuing without seeds
2020-Jan-22 17:04:44.320200 ERROR   [node_server] Failed to connect to any of seed peers, continuing without seeds
2020-Jan-22 17:05:01.325131 ERROR   [node_server] Failed to connect to any of seed peers, continuing without seeds
2020-Jan-22 17:05:18.330213 ERROR   [node_server] Failed to connect to any of seed peers, continuing without seeds
2020-Jan-22 17:05:35.334787 ERROR   [node_server] Failed to connect to any of seed peers, continuing without seeds
2020-Jan-22 17:05:52.340964 ERROR   [node_server] Failed to connect to any of seed peers, continuing without seeds
2020-Jan-22 17:06:09.345785 ERROR   [node_server] Failed to connect to any of seed peers, continuing without seeds
2020-Jan-22 17:06:26.350060 ERROR   [node_server] Failed to connect to any of seed peers, continuing without seeds
2020-Jan-22 17:06:43.355607 ERROR   [node_server] Failed to connect to any of seed peers, continuing without seeds
2020-Jan-22 17:07:00.361687 ERROR   [node_server] Failed to connect to any of seed peers, continuing without seeds
2020-Jan-22 17:07:17.366858 ERROR   [node_server] Failed to connect to any of seed peers, continuing without seeds
2020-Jan-22 17:07:34.372434 ERROR   [node_server] Failed to connect to any of seed peers, continuing without seeds
2020-Jan-22 17:07:51.378999 ERROR   [node_server] Failed to connect to any of seed peers, continuing without seeds
2020-Jan-22 17:08:08.384988 ERROR   [node_server] Failed to connect to any of seed peers, continuing without seeds
2020-Jan-22 17:08:25.389170 ERROR   [node_server] Failed to connect to any of seed peers, continuing without seeds
2020-Jan-22 17:08:42.394248 ERROR   [node_server] Failed to connect to any of seed peers, continuing without seeds
2020-Jan-22 17:08:59.399324 ERROR   [node_server] Failed to connect to any of seed peers, continuing without seeds
2020-Jan-22 17:09:16.404930 ERROR   [node_server] Failed to connect to any of seed peers, continuing without seeds
2020-Jan-22 17:09:33.410464 ERROR   [node_server] Failed to connect to any of seed peers, continuing without seeds
2020-Jan-22 17:09:50.415707 ERROR   [node_server] Failed to connect to any of seed peers, continuing without seeds
2020-Jan-22 17:10:07.420992 ERROR   [node_server] Failed to connect to any of seed peers, continuing without seeds
2020-Jan-22 17:10:24.425440 ERROR   [node_server] Failed to connect to any of seed peers, continuing without seeds
2020-Jan-22 17:10:41.430148 ERROR   [node_server] Failed to connect to any of seed peers, continuing without seeds
2020-Jan-22 17:10:58.435878 ERROR   [node_server] Failed to connect to any of seed peers, continuing without seeds
2020-Jan-22 17:11:15.441052 ERROR   [node_server] Failed to connect to any of seed peers, continuing without seeds
2020-Jan-22 17:11:32.445443 ERROR   [node_server] Failed to connect to any of seed peers, continuing without seeds
2020-Jan-22 17:11:49.449650 ERROR   [node_server] Failed to connect to any of seed peers, continuing without seeds
2020-Jan-22 17:12:06.455089 ERROR   [node_server] Failed to connect to any of seed peers, continuing without seeds
2020-Jan-22 17:12:23.460237 ERROR   [node_server] Failed to connect to any of seed peers, continuing without seeds
2020-Jan-22 17:12:40.465305 ERROR   [node_server] Failed to connect to any of seed peers, continuing without seeds
2020-Jan-22 17:12:57.470795 ERROR   [node_server] Failed to connect to any of seed peers, continuing without seeds
2020-Jan-22 17:13:14.475502 ERROR   [node_server] Failed to connect to any of seed peers, continuing without seeds
2020-Jan-22 17:13:31.482064 ERROR   [node_server] Failed to connect to any of seed peers, continuing without seeds
2020-Jan-22 17:13:48.487468 ERROR   [node_server] Failed to connect to any of seed peers, continuing without seeds
2020-Jan-22 17:14:05.493464 ERROR   [node_server] Failed to connect to any of seed peers, continuing without seeds
2020-Jan-22 17:14:22.501291 ERROR   [node_server] Failed to connect to any of seed peers, continuing without seeds
2020-Jan-22 17:14:39.538737 ERROR   [node_server] Failed to connect to any of seed peers, continuing without seeds
2020-Jan-22 17:14:56.542433 ERROR   [node_server] Failed to connect to any of seed peers, continuing without seeds
2020-Jan-22 17:15:13.547469 ERROR   [node_server] Failed to connect to any of seed peers, continuing without seeds
2020-Jan-22 17:15:30.551811 ERROR   [node_server] Failed to connect to any of seed peers, continuing without seeds
2020-Jan-22 17:15:47.556158 ERROR   [node_server] Failed to connect to any of seed peers, continuing without seeds
2020-Jan-22 17:16:04.561338 ERROR   [node_server] Failed to connect to any of seed peers, continuing without seeds
2020-Jan-22 17:16:21.565170 ERROR   [node_server] Failed to connect to any of seed peers, continuing without seeds
2020-Jan-22 17:16:38.569903 ERROR   [node_server] Failed to connect to any of seed peers, continuing without seeds
2020-Jan-22 17:16:55.574503 ERROR   [node_server] Failed to connect to any of seed peers, continuing without seeds
2020-Jan-22 17:17:12.579561 ERROR   [node_server] Failed to connect to any of seed peers, continuing without seeds
2020-Jan-22 17:17:29.584654 ERROR   [node_server] Failed to connect to any of seed peers, continuing without seeds
2020-Jan-22 17:17:46.590111 ERROR   [node_server] Failed to connect to any of seed peers, continuing without seeds
2020-Jan-22 17:18:03.593697 ERROR   [node_server] Failed to connect to any of seed peers, continuing without seeds
2020-Jan-22 17:18:20.598831 ERROR   [node_server] Failed to connect to any of seed peers, continuing without seeds
2020-Jan-22 17:18:37.603923 ERROR   [node_server] Failed to connect to any of seed peers, continuing without seeds
2020-Jan-22 17:18:54.609535 ERROR   [node_server] Failed to connect to any of seed peers, continuing without seeds
2020-Jan-22 17:19:11.614184 ERROR   [node_server] Failed to connect to any of seed peers, continuing without seeds
2020-Jan-22 17:19:28.619180 ERROR   [node_server] Failed to connect to any of seed peers, continuing without seeds
2020-Jan-22 17:19:45.623718 ERROR   [node_server] Failed to connect to any of seed peers, continuing without seeds
2020-Jan-22 17:20:02.628843 ERROR   [node_server] Failed to connect to any of seed peers, continuing without seeds
2020-Jan-22 17:20:19.634325 ERROR   [node_server] Failed to connect to any of seed peers, continuing without seeds
2020-Jan-22 17:20:36.639443 ERROR   [node_server] Failed to connect to any of seed peers, continuing without seeds
2020-Jan-22 17:20:53.646047 ERROR   [node_server] Failed to connect to any of seed peers, continuing without seeds
2020-Jan-22 17:21:10.651095 ERROR   [node_server] Failed to connect to any of seed peers, continuing without seeds
2020-Jan-22 17:21:27.656676 ERROR   [node_server] Failed to connect to any of seed peers, continuing without seeds
2020-Jan-22 17:21:44.662811 ERROR   [node_server] Failed to connect to any of seed peers, continuing without seeds
2020-Jan-22 17:22:01.667869 ERROR   [node_server] Failed to connect to any of seed peers, continuing without seeds
2020-Jan-22 17:22:18.673112 ERROR   [node_server] Failed to connect to any of seed peers, continuing without seeds
2020-Jan-22 17:22:35.678602 ERROR   [node_server] Failed to connect to any of seed peers, continuing without seeds
2020-Jan-22 17:22:52.684060 ERROR   [node_server] Failed to connect to any of seed peers, continuing without seeds
2020-Jan-22 17:23:09.690141 ERROR   [node_server] Failed to connect to any of seed peers, continuing without seeds
2020-Jan-22 17:23:26.695213 ERROR   [node_server] Failed to connect to any of seed peers, continuing without seeds
2020-Jan-22 17:23:43.699312 ERROR   [node_server] Failed to connect to any of seed peers, continuing without seeds
2020-Jan-22 17:24:00.705368 ERROR   [node_server] Failed to connect to any of seed peers, continuing without seeds
2020-Jan-22 17:24:17.710476 ERROR   [node_server] Failed to connect to any of seed peers, continuing without seeds
2020-Jan-22 17:24:34.716552 ERROR   [node_server] Failed to connect to any of seed peers, continuing without seeds
2020-Jan-22 17:24:51.722095 ERROR   [node_server] Failed to connect to any of seed peers, continuing without seeds
2020-Jan-22 17:25:08.728174 ERROR   [node_server] Failed to connect to any of seed peers, continuing without seeds
2020-Jan-22 17:25:25.734780 ERROR   [node_server] Failed to connect to any of seed peers, continuing without seeds
2020-Jan-22 17:25:42.739041 ERROR   [node_server] Failed to connect to any of seed peers, continuing without seeds
2020-Jan-22 17:25:59.744428 ERROR   [node_server] Failed to connect to any of seed peers, continuing without seeds
2020-Jan-22 17:26:16.749612 ERROR   [node_server] Failed to connect to any of seed peers, continuing without seeds
2020-Jan-22 17:26:33.754549 ERROR   [node_server] Failed to connect to any of seed peers, continuing without seeds
2020-Jan-22 17:26:50.759156 ERROR   [node_server] Failed to connect to any of seed peers, continuing without seeds
2020-Jan-22 17:27:07.764707 ERROR   [node_server] Failed to connect to any of seed peers, continuing without seeds
2020-Jan-22 17:27:24.769696 ERROR   [node_server] Failed to connect to any of seed peers, continuing without seeds
2020-Jan-22 17:27:41.775817 ERROR   [node_server] Failed to connect to any of seed peers, continuing without seeds
2020-Jan-22 17:27:58.780460 ERROR   [node_server] Failed to connect to any of seed peers, continuing without seeds
2020-Jan-22 17:28:15.786049 ERROR   [node_server] Failed to connect to any of seed peers, continuing without seeds
2020-Jan-22 17:28:32.790587 ERROR   [node_server] Failed to connect to any of seed peers, continuing without seeds
2020-Jan-22 17:28:49.796207 ERROR   [node_server] Failed to connect to any of seed peers, continuing without seeds
2020-Jan-22 17:29:06.801175 ERROR   [node_server] Failed to connect to any of seed peers, continuing without seeds
2020-Jan-22 17:29:23.806452 ERROR   [node_server] Failed to connect to any of seed peers, continuing without seeds
2020-Jan-22 17:29:40.811781 ERROR   [node_server] Failed to connect to any of seed peers, continuing without seeds
2020-Jan-22 17:29:57.816994 ERROR   [node_server] Failed to connect to any of seed peers, continuing without seeds
2020-Jan-22 17:30:14.822483 ERROR   [node_server] Failed to connect to any of seed peers, continuing without seeds
2020-Jan-22 17:30:31.827815 ERROR   [node_server] Failed to connect to any of seed peers, continuing without seeds
2020-Jan-22 17:30:48.833377 ERROR   [node_server] Failed to connect to any of seed peers, continuing without seeds
2020-Jan-22 17:31:05.837784 ERROR   [node_server] Failed to connect to any of seed peers, continuing without seeds
2020-Jan-22 17:31:22.843977 ERROR   [node_server] Failed to connect to any of seed peers, continuing without seeds
2020-Jan-22 17:31:39.848857 ERROR   [node_server] Failed to connect to any of seed peers, continuing without seeds
2020-Jan-22 17:31:56.854550 ERROR   [node_server] Failed to connect to any of seed peers, continuing without seeds
2020-Jan-22 17:32:13.859103 ERROR   [node_server] Failed to connect to any of seed peers, continuing without seeds
2020-Jan-22 17:32:30.863892 ERROR   [node_server] Failed to connect to any of seed peers, continuing without seeds
2020-Jan-22 17:32:47.868776 ERROR   [node_server] Failed to connect to any of seed peers, continuing without seeds
2020-Jan-22 17:33:04.874343 ERROR   [node_server] Failed to connect to any of seed peers, continuing without seeds
2020-Jan-22 17:33:21.878497 ERROR   [node_server] Failed to connect to any of seed peers, continuing without seeds
2020-Jan-22 17:33:38.882860 ERROR   [node_server] Failed to connect to any of seed peers, continuing without seeds
2020-Jan-22 17:33:55.887395 ERROR   [node_server] Failed to connect to any of seed peers, continuing without seeds
2020-Jan-22 17:34:12.893115 ERROR   [node_server] Failed to connect to any of seed peers, continuing without seeds
2020-Jan-22 17:34:29.898122 ERROR   [node_server] Failed to connect to any of seed peers, continuing without seeds
2020-Jan-22 17:34:46.903173 ERROR   [node_server] Failed to connect to any of seed peers, continuing without seeds
2020-Jan-22 17:35:03.906893 ERROR   [node_server] Failed to connect to any of seed peers, continuing without seeds
2020-Jan-22 17:35:20.911907 ERROR   [node_server] Failed to connect to any of seed peers, continuing without seeds
2020-Jan-22 17:35:37.916970 ERROR   [node_server] Failed to connect to any of seed peers, continuing without seeds
2020-Jan-22 17:35:54.922503 ERROR   [node_server] Failed to connect to any of seed peers, continuing without seeds
2020-Jan-22 17:36:11.927156 ERROR   [node_server] Failed to connect to any of seed peers, continuing without seeds
2020-Jan-22 17:36:28.933922 ERROR   [node_server] Failed to connect to any of seed peers, continuing without seeds
2020-Jan-22 17:36:45.938957 ERROR   [node_server] Failed to connect to any of seed peers, continuing without seeds
2020-Jan-22 17:37:02.944902 ERROR   [node_server] Failed to connect to any of seed peers, continuing without seeds
2020-Jan-22 17:37:19.950430 ERROR   [node_server] Failed to connect to any of seed peers, continuing without seeds
2020-Jan-22 17:37:36.955561 ERROR   [node_server] Failed to connect to any of seed peers, continuing without seeds
2020-Jan-22 17:37:53.961034 ERROR   [node_server] Failed to connect to any of seed peers, continuing without seeds
2020-Jan-22 17:38:10.965937 ERROR   [node_server] Failed to connect to any of seed peers, continuing without seeds
2020-Jan-22 17:38:27.971277 ERROR   [node_server] Failed to connect to any of seed peers, continuing without seeds
2020-Jan-22 17:38:44.976828 ERROR   [node_server] Failed to connect to any of seed peers, continuing without seeds
2020-Jan-22 17:39:01.982933 ERROR   [node_server] Failed to connect to any of seed peers, continuing without seeds
2020-Jan-22 17:39:18.986866 ERROR   [node_server] Failed to connect to any of seed peers, continuing without seeds
2020-Jan-22 17:39:35.993189 ERROR   [node_server] Failed to connect to any of seed peers, continuing without seeds
2020-Jan-22 17:39:52.998778 ERROR   [node_server] Failed to connect to any of seed peers, continuing without seeds
2020-Jan-22 17:40:10.005615 ERROR   [node_server] Failed to connect to any of seed peers, continuing without seeds
2020-Jan-22 17:40:27.010418 ERROR   [node_server] Failed to connect to any of seed peers, continuing without seeds
2020-Jan-22 17:40:44.015239 ERROR   [node_server] Failed to connect to any of seed peers, continuing without seeds
2020-Jan-22 17:41:01.019568 ERROR   [node_server] Failed to connect to any of seed peers, continuing without seeds
2020-Jan-22 17:41:18.023925 ERROR   [node_server] Failed to connect to any of seed peers, continuing without seeds
2020-Jan-22 17:41:35.027858 ERROR   [node_server] Failed to connect to any of seed peers, continuing without seeds
2020-Jan-22 17:41:52.032582 ERROR   [node_server] Failed to connect to any of seed peers, continuing without seeds
2020-Jan-22 17:42:09.036367 ERROR   [node_server] Failed to connect to any of seed peers, continuing without seeds
2020-Jan-22 17:42:26.041165 ERROR   [node_server] Failed to connect to any of seed peers, continuing without seeds
2020-Jan-22 17:42:43.046900 ERROR   [node_server] Failed to connect to any of seed peers, continuing without seeds
2020-Jan-22 17:43:00.051510 ERROR   [node_server] Failed to connect to any of seed peers, continuing without seeds
2020-Jan-22 17:43:17.057081 ERROR   [node_server] Failed to connect to any of seed peers, continuing without seeds
2020-Jan-22 17:43:34.062578 ERROR   [node_server] Failed to connect to any of seed peers, continuing without seeds
2020-Jan-22 17:43:51.067676 ERROR   [node_server] Failed to connect to any of seed peers, continuing without seeds
2020-Jan-22 17:44:08.072798 ERROR   [node_server] Failed to connect to any of seed peers, continuing without seeds
2020-Jan-22 17:44:25.078819 ERROR   [node_server] Failed to connect to any of seed peers, continuing without seeds
2020-Jan-22 17:44:42.084471 ERROR   [node_server] Failed to connect to any of seed peers, continuing without seeds
2020-Jan-22 17:44:59.089507 ERROR   [node_server] Failed to connect to any of seed peers, continuing without seeds
2020-Jan-22 17:45:16.093916 ERROR   [node_server] Failed to connect to any of seed peers, continuing without seeds
2020-Jan-22 17:45:33.099713 ERROR   [node_server] Failed to connect to any of seed peers, continuing without seeds
2020-Jan-22 17:45:50.104808 ERROR   [node_server] Failed to connect to any of seed peers, continuing without seeds
2020-Jan-22 17:46:07.110313 ERROR   [node_server] Failed to connect to any of seed peers, continuing without seeds
2020-Jan-22 17:46:24.114067 ERROR   [node_server] Failed to connect to any of seed peers, continuing without seeds
2020-Jan-22 17:46:38.166990 ERROR   [node_server] Failed to connect to any of seed peers, continuing without seeds
2020-Jan-22 17:46:52.185664 ERROR   [node_server] Failed to connect to any of seed peers, continuing without seeds
2020-Jan-22 17:47:06.212454 ERROR   [node_server] Failed to connect to any of seed peers, continuing without seeds
2020-Jan-22 17:47:20.236241 ERROR   [node_server] Failed to connect to any of seed peers, continuing without seeds
2020-Jan-22 17:47:34.314703 ERROR   [node_server] Failed to connect to any of seed peers, continuing without seeds
2020-Jan-22 17:47:51.318894 ERROR   [node_server] Failed to connect to any of seed peers, continuing without seeds
2020-Jan-22 17:48:08.323365 ERROR   [node_server] Failed to connect to any of seed peers, continuing without seeds
2020-Jan-22 17:48:25.328217 ERROR   [node_server] Failed to connect to any of seed peers, continuing without seeds
2020-Jan-22 17:48:39.417803 ERROR   [node_server] Failed to connect to any of seed peers, continuing without seeds
2020-Jan-22 17:48:53.518138 ERROR   [node_server] Failed to connect to any of seed peers, continuing without seeds
2020-Jan-22 17:49:04.604568 ERROR   [node_server] Failed to connect to any of seed peers, continuing without seeds
2020-Jan-22 17:49:18.674855 ERROR   [node_server] Failed to connect to any of seed peers, continuing without seeds
2020-Jan-22 17:49:35.680834 ERROR   [node_server] Failed to connect to any of seed peers, continuing without seeds
2020-Jan-22 17:49:52.685369 ERROR   [node_server] Failed to connect to any of seed peers, continuing without seeds
2020-Jan-22 17:50:09.690615 ERROR   [node_server] Failed to connect to any of seed peers, continuing without seeds
2020-Jan-22 17:50:20.791630 ERROR   [node_server] Failed to connect to any of seed peers, continuing without seeds
2020-Jan-22 17:50:31.870996 ERROR   [node_server] Failed to connect to any of seed peers, continuing without seeds
2020-Jan-22 17:50:45.933264 ERROR   [node_server] Failed to connect to any of seed peers, continuing without seeds
2020-Jan-22 17:50:57.055632 ERROR   [node_server] Failed to connect to any of seed peers, continuing without seeds
2020-Jan-22 17:51:11.122082 ERROR   [node_server] Failed to connect to any of seed peers, continuing without seeds
2020-Jan-22 17:51:28.127471 ERROR   [node_server] Failed to connect to any of seed peers, continuing without seeds
2020-Jan-22 17:51:45.132646 ERROR   [node_server] Failed to connect to any of seed peers, continuing without seeds
2020-Jan-22 17:52:02.138237 ERROR   [node_server] Failed to connect to any of seed peers, continuing without seeds
2020-Jan-22 17:52:19.143802 ERROR   [node_server] Failed to connect to any of seed peers, continuing without seeds
2020-Jan-22 17:52:36.152940 ERROR   [node_server] Failed to connect to any of seed peers, continuing without seeds
