Determining if the pthread_create exist failed with the following output:
Change Dir: /home/eddie/Desktop/bitcoinphantom/build/release/CMakeFiles/CMakeTmp

Run Build Command:"/usr/bin/make" "cmTC_ea955/fast"
make[1]: Entering directory '/home/eddie/Desktop/bitcoinphantom/build/release/CMakeFiles/CMakeTmp'
/usr/bin/make -f CMakeFiles/cmTC_ea955.dir/build.make CMakeFiles/cmTC_ea955.dir/build
make[2]: Entering directory '/home/eddie/Desktop/bitcoinphantom/build/release/CMakeFiles/CMakeTmp'
Building C object CMakeFiles/cmTC_ea955.dir/CheckSymbolExists.c.o
/usr/bin/cc     -o CMakeFiles/cmTC_ea955.dir/CheckSymbolExists.c.o   -c /home/eddie/Desktop/bitcoinphantom/build/release/CMakeFiles/CMakeTmp/CheckSymbolExists.c
Linking C executable cmTC_ea955
/usr/bin/cmake -E cmake_link_script CMakeFiles/cmTC_ea955.dir/link.txt --verbose=1
/usr/bin/cc       CMakeFiles/cmTC_ea955.dir/CheckSymbolExists.c.o  -o cmTC_ea955 -rdynamic 
CMakeFiles/cmTC_ea955.dir/CheckSymbolExists.c.o: In function `main':
CheckSymbolExists.c:(.text+0x16): undefined reference to `pthread_create'
collect2: error: ld returned 1 exit status
CMakeFiles/cmTC_ea955.dir/build.make:97: recipe for target 'cmTC_ea955' failed
make[2]: *** [cmTC_ea955] Error 1
make[2]: Leaving directory '/home/eddie/Desktop/bitcoinphantom/build/release/CMakeFiles/CMakeTmp'
Makefile:126: recipe for target 'cmTC_ea955/fast' failed
make[1]: *** [cmTC_ea955/fast] Error 2
make[1]: Leaving directory '/home/eddie/Desktop/bitcoinphantom/build/release/CMakeFiles/CMakeTmp'

File /home/eddie/Desktop/bitcoinphantom/build/release/CMakeFiles/CMakeTmp/CheckSymbolExists.c:
/* */
#include <pthread.h>

int main(int argc, char** argv)
{
  (void)argv;
#ifndef pthread_create
  return ((int*)(&pthread_create))[argc];
#else
  (void)argc;
  return 0;
#endif
}

